<?xml version="1.0" encoding="UTF-8"?>
<testng-results skipped="0" failed="0" total="2" passed="2">
  <reporter-output>
  </reporter-output>
  <suite name="Command line suite" duration-ms="10" started-at="2014-06-21T14:42:42Z" finished-at="2014-06-21T14:42:42Z">
    <groups>
    </groups>
    <test name="Command line test" duration-ms="10" started-at="2014-06-21T14:42:42Z" finished-at="2014-06-21T14:42:42Z">
      <class name="com.learntestng.SampleTest">
        <test-method status="PASS" signature="sampletest()" name="sampletest" duration-ms="0" started-at="2014-06-21T14:42:42Z" finished-at="2014-06-21T14:42:42Z">
        </test-method>
      </class>
      <class name="com.learntestng.AppTest">
        <test-method status="PASS" signature="sendMail()" name="sendMail" duration-ms="0" started-at="2014-06-21T14:42:42Z" finished-at="2014-06-21T14:42:42Z">
        </test-method>
      </class>
    </test>
  </suite>
</testng-results>
