<?xml version="1.0" encoding="UTF-8"?>
<testng-results skipped="0" failed="0" ignored="0" total="1" passed="1">
  <reporter-output>
  </reporter-output>
  <suite name="Default suite" duration-ms="2107" started-at="2017-08-24T07:00:01Z" finished-at="2017-08-24T07:00:03Z">
    <groups>
    </groups>
    <test name="Default test" duration-ms="2107" started-at="2017-08-24T07:00:01Z" finished-at="2017-08-24T07:00:03Z">
      <class name="testcases.TestA">
        <test-method status="PASS" signature="testA()[pri:0, instance:testcases.TestA@6276ae34]" name="testA" duration-ms="2060" started-at="2017-08-24T12:30:01Z" finished-at="2017-08-24T12:30:03Z">
          <reporter-output>
          </reporter-output>
        </test-method> <!-- testA -->
      </class> <!-- testcases.TestA -->
    </test> <!-- Default test -->
  </suite> <!-- Default suite -->
</testng-results>
